action: clean, msg: getenv
cwd: /Users/chad5899/Documents/repositories/docs-portal-onboarding-guide
cmd: /Users/chad5899/Documents/repositories/docs-portal-onboarding-guide/.tox/clean/bin/python -m pip install -r/Users/chad5899/Documents/repositories/docs-portal-onboarding-guide/requirements.txt
Looking in indexes: https://pypi.python.org/simple/
Collecting alabaster==0.7.12
  Using cached https://files.pythonhosted.org/packages/10/ad/00b090d23a222943eb0eda509720a404f531a439e803f6538f35136cae9e/alabaster-0.7.12-py2.py3-none-any.whl
Collecting babel==2.7.0
  Using cached https://files.pythonhosted.org/packages/2c/60/f2af68eb046c5de5b1fe6dd4743bf42c074f7141fe7b2737d3061533b093/Babel-2.7.0-py2.py3-none-any.whl
Collecting certifi==2019.9.11
  Using cached https://files.pythonhosted.org/packages/18/b0/8146a4f8dd402f60744fa380bc73ca47303cccf8b9190fd16a827281eac2/certifi-2019.9.11-py2.py3-none-any.whl
Collecting chardet==3.0.4
  Using cached https://files.pythonhosted.org/packages/bc/a9/01ffebfb562e4274b6487b4bb1ddec7ca55ec7510b22e4c51f14098443b8/chardet-3.0.4-py2.py3-none-any.whl
Collecting chios==0.1.4
  Using cached https://files.pythonhosted.org/packages/c7/ea/1c7542ed650258fb73b384eaa20a267b803c19fb50e5a832841d07584ffc/chios-0.1.4-py2.py3-none-any.whl
Collecting click==7.0
  Using cached https://files.pythonhosted.org/packages/fa/37/45185cb5abbc30d7257104c434fe0b07e5a195a6847506c074527aa599ec/Click-7.0-py2.py3-none-any.whl
Processing /Users/chad5899/Library/Caches/pip/wheels/d1/86/9d/16127127306a92d7fd30267890a5634026c045391979c4c317/colorclass-2.2.0-cp37-none-any.whl
Processing /Users/chad5899/Library/Caches/pip/wheels/a0/f4/35/019d917f6875107ade3aad634c982f5c6b604c5631cddf20ac/CommonMark-0.5.4-cp37-none-any.whl
Collecting doc8==0.8.0
  Using cached https://files.pythonhosted.org/packages/d8/39/5427135280657da69b800cebb153f40b5f3209c636659c35a19c8760428a/doc8-0.8.0-py2.py3-none-any.whl
Collecting docutils==0.15.2
  Using cached https://files.pythonhosted.org/packages/22/cd/a6aa959dca619918ccb55023b4cb151949c64d4d5d55b3f4ffd7eee0c6e8/docutils-0.15.2-py3-none-any.whl
Collecting idna==2.7
  Using cached https://files.pythonhosted.org/packages/4b/2a/0276479a4b3caeb8a8c1af2f8e4355746a97fab05a372e4a2c6a6b876165/idna-2.7-py2.py3-none-any.whl
Collecting imagesize==1.1.0
  Using cached https://files.pythonhosted.org/packages/fc/b6/aef66b4c52a6ad6ac18cf6ebc5731ed06d8c9ae4d3b2d9951f261150be67/imagesize-1.1.0-py2.py3-none-any.whl
Collecting importlib-metadata==0.23
  Using cached https://files.pythonhosted.org/packages/f6/d2/40b3fa882147719744e6aa50ac39cf7a22a913cbcba86a0371176c425a3b/importlib_metadata-0.23-py2.py3-none-any.whl
Collecting jinja2==2.10.3
  Using cached https://files.pythonhosted.org/packages/65/e0/eb35e762802015cab1ccee04e8a277b03f1d8e53da3ec3106882ec42558b/Jinja2-2.10.3-py2.py3-none-any.whl
Collecting markdown==2.6.11
  Using cached https://files.pythonhosted.org/packages/6d/7d/488b90f470b96531a3f5788cf12a93332f543dbab13c423a5e7ce96a0493/Markdown-2.6.11-py2.py3-none-any.whl
Collecting markupsafe==1.1.1
  Using cached https://files.pythonhosted.org/packages/ce/c6/f000f1af136ef74e4a95e33785921c73595c5390403f102e9b231b065b7a/MarkupSafe-1.1.1-cp37-cp37m-macosx_10_6_intel.whl
Collecting more-itertools==7.2.0
  Using cached https://files.pythonhosted.org/packages/45/dc/3241eef99eb45f1def35cf93af35d1cf9ef4c0991792583b8f33ea41b092/more_itertools-7.2.0-py3-none-any.whl
Collecting packaging==19.2
  Using cached https://files.pythonhosted.org/packages/cf/94/9672c2d4b126e74c4496c6b3c58a8b51d6419267be9e70660ba23374c875/packaging-19.2-py2.py3-none-any.whl
Processing /Users/chad5899/Library/Caches/pip/wheels/d1/e8/71/bc3242b3e8f119c62eebdb0dee519fd40ac293e4835839db7c/pandoc-1.0.2-cp37-none-any.whl
Collecting pbr==5.4.3
  Using cached https://files.pythonhosted.org/packages/46/a4/d5c83831a3452713e4b4f126149bc4fbda170f7cb16a86a00ce57ce0e9ad/pbr-5.4.3-py2.py3-none-any.whl
Collecting pluggy==0.13.0
  Using cached https://files.pythonhosted.org/packages/92/c7/48439f7d5fd6bddb4c04b850bb862b42e3e2b98570040dfaf68aedd8114b/pluggy-0.13.0-py2.py3-none-any.whl
Collecting ply==3.11
  Using cached https://files.pythonhosted.org/packages/a3/58/35da89ee790598a0700ea49b2a66594140f44dec458c07e8e3d4979137fc/ply-3.11-py2.py3-none-any.whl
Collecting py==1.8.0
  Using cached https://files.pythonhosted.org/packages/76/bc/394ad449851729244a97857ee14d7cba61ddb268dce3db538ba2f2ba1f0f/py-1.8.0-py2.py3-none-any.whl
Collecting pyenchant==2.0.0
  Using cached https://files.pythonhosted.org/packages/4f/c5/5c18df3c5dbf2ce1e6fc8b0fcce1a5dfe7c4ec5ab33b76722fcca9cbfff5/pyenchant-2.0.0-py2.py3.cp27.cp32.cp33.cp34.cp35.cp36.pp27.pp33.pp35-none-macosx_10_6_intel.macosx_10_9_intel.whl
Collecting pygments==2.4.2
  Using cached https://files.pythonhosted.org/packages/5c/73/1dfa428150e3ccb0fa3e68db406e5be48698f2a979ccbcec795f28f44048/Pygments-2.4.2-py2.py3-none-any.whl
Collecting pyparsing==2.4.2
  Using cached https://files.pythonhosted.org/packages/11/fa/0160cd525c62d7abd076a070ff02b2b94de589f1a9789774f17d7c54058e/pyparsing-2.4.2-py2.py3-none-any.whl
Collecting pytz==2019.3
  Using cached https://files.pythonhosted.org/packages/e7/f9/f0b53f88060247251bf481fa6ea62cd0d25bf1b11a87888e53ce5b7c8ad2/pytz-2019.3-py2.py3-none-any.whl
Collecting recommonmark==0.4.0
  Using cached https://files.pythonhosted.org/packages/df/a5/8ee4b84af7f997dfdba71254a88008cfc19c49df98983c9a4919e798f8ce/recommonmark-0.4.0-py2.py3-none-any.whl
Collecting requests==2.20.0
  Using cached https://files.pythonhosted.org/packages/f1/ca/10332a30cb25b627192b4ea272c351bce3ca1091e541245cccbace6051d8/requests-2.20.0-py2.py3-none-any.whl
Processing /Users/chad5899/Library/Caches/pip/wheels/bb/1a/e3/9946036f7aa55d8083c07fe2e30c2463cdb65d02c57a57a1ea/restructuredtext_lint-1.1.3-cp37-none-any.whl
Collecting six==1.12.0
  Using cached https://files.pythonhosted.org/packages/73/fb/00a976f728d0d1fecfe898238ce23f502a721c0ac0ecfedb80e0d88c64e9/six-1.12.0-py2.py3-none-any.whl
Collecting snowballstemmer==2.0.0
  Using cached https://files.pythonhosted.org/packages/7d/4b/cdf1113a0e88b641893b814e9c36f69a6fda28cd88b62c7f0d858cde3166/snowballstemmer-2.0.0-py2.py3-none-any.whl
Collecting sphinx-rtd-theme==0.3.0
  Using cached https://files.pythonhosted.org/packages/be/ef/2f9b109c6bf8b08a4582cd8de73c46ec4b163fa8f7a94ead423deb23102d/sphinx_rtd_theme-0.3.0-py2.py3-none-any.whl
Collecting sphinx==1.7.2
  Using cached https://files.pythonhosted.org/packages/0c/39/9b723cd9d5a093174e518a7a4cb8ef8b0e067d8a9fcc00fcb445738cc300/Sphinx-1.7.2-py2.py3-none-any.whl
Collecting sphinxcontrib-spelling==4.1.0
  Using cached https://files.pythonhosted.org/packages/4a/11/d817fdc881526ab828c026ec1dc2ff44c28ccd40a8ccc42053b426520d4f/sphinxcontrib_spelling-4.1.0-py3-none-any.whl
Processing /Users/chad5899/Library/Caches/pip/wheels/1c/f8/8d/6ca6a54489006255a14815b29abe922e7cef9320791d057572/sphinxcontrib_versioning-2.2.1-cp37-none-any.whl
Collecting sphinxcontrib-websupport==1.1.2
  Using cached https://files.pythonhosted.org/packages/2a/59/d64bda9b7480a84a3569be4dde267c0f6675b255ba63b4c8e84469940457/sphinxcontrib_websupport-1.1.2-py2.py3-none-any.whl
Collecting stevedore==1.31.0
  Using cached https://files.pythonhosted.org/packages/b1/e1/f5ddbd83f60b03f522f173c03e406c1bff8343f0232a292ac96aa633b47a/stevedore-1.31.0-py2.py3-none-any.whl
Collecting tox==3.0.0
  Using cached https://files.pythonhosted.org/packages/e6/41/4dcfd713282bf3213b0384320fa8841e4db032ddcb80bc08a540159d42a8/tox-3.0.0-py2.py3-none-any.whl
Collecting urllib3==1.24.3
  Using cached https://files.pythonhosted.org/packages/01/11/525b02e4acc0c747de8b6ccdab376331597c569c42ea66ab0a1dbd36eca2/urllib3-1.24.3-py2.py3-none-any.whl
Collecting virtualenv==16.7.7
  Using cached https://files.pythonhosted.org/packages/c5/97/00dd42a0fc41e9016b23f07ec7f657f636cb672fad9cf72b80f8f65c6a46/virtualenv-16.7.7-py2.py3-none-any.whl
Collecting zipp==0.6.0
  Using cached https://files.pythonhosted.org/packages/74/3d/1ee25a26411ba0401b43c6376d2316a71addcc72ef8690b101b4ea56d76a/zipp-0.6.0-py2.py3-none-any.whl
Requirement already satisfied: setuptools in ./.tox/clean/lib/python3.7/site-packages (from sphinx==1.7.2->-r /Users/chad5899/Documents/repositories/docs-portal-onboarding-guide/requirements.txt (line 35)) (42.0.2)
Installing collected packages: alabaster, pytz, babel, certifi, chardet, idna, urllib3, requests, docutils, pygments, snowballstemmer, six, pyparsing, packaging, sphinxcontrib-websupport, markupsafe, jinja2, imagesize, sphinx, chios, click, colorclass, commonmark, restructuredtext-lint, pbr, stevedore, doc8, more-itertools, zipp, importlib-metadata, markdown, ply, pandoc, pluggy, py, pyenchant, recommonmark, sphinx-rtd-theme, sphinxcontrib-spelling, sphinxcontrib-versioning, virtualenv, tox
Successfully installed alabaster-0.7.12 babel-2.7.0 certifi-2019.9.11 chardet-3.0.4 chios-0.1.4 click-7.0 colorclass-2.2.0 commonmark-0.5.4 doc8-0.8.0 docutils-0.15.2 idna-2.7 imagesize-1.1.0 importlib-metadata-0.23 jinja2-2.10.3 markdown-2.6.11 markupsafe-1.1.1 more-itertools-7.2.0 packaging-19.2 pandoc-1.0.2 pbr-5.4.3 pluggy-0.13.0 ply-3.11 py-1.8.0 pyenchant-2.0.0 pygments-2.4.2 pyparsing-2.4.2 pytz-2019.3 recommonmark-0.4.0 requests-2.20.0 restructuredtext-lint-1.1.3 six-1.12.0 snowballstemmer-2.0.0 sphinx-1.7.2 sphinx-rtd-theme-0.3.0 sphinxcontrib-spelling-4.1.0 sphinxcontrib-versioning-2.2.1 sphinxcontrib-websupport-1.1.2 stevedore-1.31.0 tox-3.0.0 urllib3-1.24.3 virtualenv-16.7.7 zipp-0.6.0
WARNING: You are using pip version 19.3.1; however, version 20.2.3 is available.
You should consider upgrading via the 'pip install --upgrade pip' command.
